<?xml version="1.0" encoding="UTF-8"?>
<!-- Generated by org.testng.reporters.JUnitXMLReporter -->
<testsuite ignored="0" hostname="LAPTOP-K1LSNNGL" failures="0" tests="17" name="Test" time="48.735" errors="0" timestamp="2023-12-23T13:25:40 IST">
  <testcase classname="TestMethod.PizzaHutTest" name="user_able_to_Navigate_URL" time="11.371"/>
  <testcase classname="TestMethod.PizzaHutTest" name="close_Black_Colour_Auto_Popup_Screen" time="10.029"/>
  <testcase classname="TestMethod.PizzaHutTest" name="user_Set_The_Delivery_Location_as_Lulu_mall" time="10.843"/>
  <testcase classname="TestMethod.PizzaHutTest" name="validate_that_the_URL_has_text_as_deals" time="0.031"/>
  <testcase classname="TestMethod.PizzaHutTest" name="user_Go_to_sides" time="0.145"/>
  <testcase classname="TestMethod.PizzaHutTest" name="user_Add_any_Item" time="0.59"/>
  <testcase classname="TestMethod.PizzaHutTest" name="user_Navigate_To_Drinks" time="0.305"/>
  <testcase classname="TestMethod.PizzaHutTest" name="user_Add_Two_Drinks" time="1.308"/>
  <testcase classname="TestMethod.PizzaHutTest" name="user_will_be_navigated_to_the_checkout_page" time="0.38"/>
  <testcase classname="TestMethod.PizzaHutTest" name="Validate_that_the_Online_Payment_radio_button_is_selected_by_default" time="0.076"/>
  <testcase classname="TestMethod.PizzaHutTest" name="Change_the_Payment_option_to_Cash" time="0.117"/>
  <testcase classname="TestMethod.PizzaHutTest" name="Validate_that_the_I_agree_checkbox_is_checked_by_default" time="0.026"/>
  <testcase classname="TestMethod.PizzaHutTest" name="Enter_name_mobile_and_email_addresses" time="3.635"/>
  <testcase classname="TestMethod.PizzaHutTest" name="Click_on_the_Apply_Gift_Card_link" time="0.524"/>
  <testcase classname="TestMethod.PizzaHutTest" name="Click_on_the_Voucher_toggle" time="0.129"/>
  <testcase classname="TestMethod.PizzaHutTest" name="Give_the_Voucher_code_and_submit" time="1.203"/>
  <testcase classname="TestMethod.PizzaHutTest" name="Validate_error_and_Close_the_voucher_pop_up" time="0.976"/>
</testsuite> <!-- Test -->
