<?xml version="1.0" encoding="UTF-8"?>
<testng-results ignored="0" total="17" passed="17" failed="0" skipped="0">
  <reporter-output>
  </reporter-output>
  <suite started-at="2023-12-23T13:24:51 IST" name="Suite" finished-at="2023-12-23T13:25:40 IST" duration-ms="48735">
    <groups>
    </groups>
    <test started-at="2023-12-23T13:24:51 IST" name="Test" finished-at="2023-12-23T13:25:40 IST" duration-ms="48735">
      <class name="TestMethod.PizzaHutTest">
        <test-method is-config="true" signature="beforeSuite()[pri:0, instance:TestMethod.PizzaHutTest@2f4948e4]" started-at="2023-12-23T13:24:51 IST" name="beforeSuite" finished-at="2023-12-23T13:24:51 IST" duration-ms="13" status="PASS">
          <reporter-output>
          </reporter-output>
        </test-method> <!-- beforeSuite -->
        <test-method is-config="true" signature="beforeClass()[pri:0, instance:TestMethod.PizzaHutTest@2f4948e4]" started-at="2023-12-23T13:24:51 IST" name="beforeClass" finished-at="2023-12-23T13:24:58 IST" duration-ms="6801" status="PASS">
          <reporter-output>
          </reporter-output>
        </test-method> <!-- beforeClass -->
        <test-method signature="user_able_to_Navigate_URL()[pri:1, instance:TestMethod.PizzaHutTest@2f4948e4]" started-at="2023-12-23T13:24:58 IST" name="user_able_to_Navigate_URL" finished-at="2023-12-23T13:25:09 IST" duration-ms="11371" status="PASS">
          <reporter-output>
          </reporter-output>
        </test-method> <!-- user_able_to_Navigate_URL -->
        <test-method signature="close_Black_Colour_Auto_Popup_Screen()[pri:2, instance:TestMethod.PizzaHutTest@2f4948e4]" started-at="2023-12-23T13:25:09 IST" name="close_Black_Colour_Auto_Popup_Screen" finished-at="2023-12-23T13:25:19 IST" duration-ms="10029" status="PASS">
          <reporter-output>
          </reporter-output>
        </test-method> <!-- close_Black_Colour_Auto_Popup_Screen -->
        <test-method signature="user_Set_The_Delivery_Location_as_Lulu_mall()[pri:3, instance:TestMethod.PizzaHutTest@2f4948e4]" started-at="2023-12-23T13:25:19 IST" name="user_Set_The_Delivery_Location_as_Lulu_mall" finished-at="2023-12-23T13:25:30 IST" duration-ms="10843" status="PASS">
          <reporter-output>
          </reporter-output>
        </test-method> <!-- user_Set_The_Delivery_Location_as_Lulu_mall -->
        <test-method signature="validate_that_the_URL_has_text_as_deals()[pri:4, instance:TestMethod.PizzaHutTest@2f4948e4]" started-at="2023-12-23T13:25:30 IST" name="validate_that_the_URL_has_text_as_deals" finished-at="2023-12-23T13:25:30 IST" duration-ms="31" status="PASS">
          <reporter-output>
          </reporter-output>
        </test-method> <!-- validate_that_the_URL_has_text_as_deals -->
        <test-method signature="user_Go_to_sides()[pri:5, instance:TestMethod.PizzaHutTest@2f4948e4]" started-at="2023-12-23T13:25:30 IST" name="user_Go_to_sides" finished-at="2023-12-23T13:25:30 IST" duration-ms="145" status="PASS">
          <reporter-output>
          </reporter-output>
        </test-method> <!-- user_Go_to_sides -->
        <test-method signature="user_Add_any_Item()[pri:6, instance:TestMethod.PizzaHutTest@2f4948e4]" started-at="2023-12-23T13:25:30 IST" name="user_Add_any_Item" finished-at="2023-12-23T13:25:31 IST" duration-ms="590" status="PASS">
          <reporter-output>
          </reporter-output>
        </test-method> <!-- user_Add_any_Item -->
        <test-method signature="user_Navigate_To_Drinks()[pri:7, instance:TestMethod.PizzaHutTest@2f4948e4]" started-at="2023-12-23T13:25:31 IST" name="user_Navigate_To_Drinks" finished-at="2023-12-23T13:25:31 IST" duration-ms="305" status="PASS">
          <reporter-output>
          </reporter-output>
        </test-method> <!-- user_Navigate_To_Drinks -->
        <test-method signature="user_Add_Two_Drinks()[pri:8, instance:TestMethod.PizzaHutTest@2f4948e4]" started-at="2023-12-23T13:25:31 IST" name="user_Add_Two_Drinks" finished-at="2023-12-23T13:25:32 IST" duration-ms="1308" status="PASS">
          <reporter-output>
          </reporter-output>
        </test-method> <!-- user_Add_Two_Drinks -->
        <test-method signature="user_will_be_navigated_to_the_checkout_page()[pri:9, instance:TestMethod.PizzaHutTest@2f4948e4]" started-at="2023-12-23T13:25:32 IST" name="user_will_be_navigated_to_the_checkout_page" finished-at="2023-12-23T13:25:33 IST" duration-ms="380" status="PASS">
          <reporter-output>
          </reporter-output>
        </test-method> <!-- user_will_be_navigated_to_the_checkout_page -->
        <test-method signature="Validate_that_the_Online_Payment_radio_button_is_selected_by_default()[pri:10, instance:TestMethod.PizzaHutTest@2f4948e4]" started-at="2023-12-23T13:25:33 IST" name="Validate_that_the_Online_Payment_radio_button_is_selected_by_default" finished-at="2023-12-23T13:25:33 IST" duration-ms="76" status="PASS">
          <reporter-output>
          </reporter-output>
        </test-method> <!-- Validate_that_the_Online_Payment_radio_button_is_selected_by_default -->
        <test-method signature="Change_the_Payment_option_to_Cash()[pri:11, instance:TestMethod.PizzaHutTest@2f4948e4]" started-at="2023-12-23T13:25:33 IST" name="Change_the_Payment_option_to_Cash" finished-at="2023-12-23T13:25:33 IST" duration-ms="117" status="PASS">
          <reporter-output>
          </reporter-output>
        </test-method> <!-- Change_the_Payment_option_to_Cash -->
        <test-method signature="Validate_that_the_I_agree_checkbox_is_checked_by_default()[pri:12, instance:TestMethod.PizzaHutTest@2f4948e4]" started-at="2023-12-23T13:25:33 IST" name="Validate_that_the_I_agree_checkbox_is_checked_by_default" finished-at="2023-12-23T13:25:33 IST" duration-ms="26" status="PASS">
          <reporter-output>
          </reporter-output>
        </test-method> <!-- Validate_that_the_I_agree_checkbox_is_checked_by_default -->
        <test-method signature="Enter_name_mobile_and_email_addresses()[pri:13, instance:TestMethod.PizzaHutTest@2f4948e4]" started-at="2023-12-23T13:25:33 IST" name="Enter_name_mobile_and_email_addresses" finished-at="2023-12-23T13:25:37 IST" duration-ms="3635" status="PASS">
          <reporter-output>
          </reporter-output>
        </test-method> <!-- Enter_name_mobile_and_email_addresses -->
        <test-method signature="Click_on_the_Apply_Gift_Card_link()[pri:14, instance:TestMethod.PizzaHutTest@2f4948e4]" started-at="2023-12-23T13:25:37 IST" name="Click_on_the_Apply_Gift_Card_link" finished-at="2023-12-23T13:25:37 IST" duration-ms="524" status="PASS">
          <reporter-output>
          </reporter-output>
        </test-method> <!-- Click_on_the_Apply_Gift_Card_link -->
        <test-method signature="Click_on_the_Voucher_toggle()[pri:15, instance:TestMethod.PizzaHutTest@2f4948e4]" started-at="2023-12-23T13:25:37 IST" name="Click_on_the_Voucher_toggle" finished-at="2023-12-23T13:25:37 IST" duration-ms="129" status="PASS">
          <reporter-output>
          </reporter-output>
        </test-method> <!-- Click_on_the_Voucher_toggle -->
        <test-method signature="Give_the_Voucher_code_and_submit()[pri:16, instance:TestMethod.PizzaHutTest@2f4948e4]" started-at="2023-12-23T13:25:37 IST" name="Give_the_Voucher_code_and_submit" finished-at="2023-12-23T13:25:39 IST" duration-ms="1203" status="PASS">
          <reporter-output>
          </reporter-output>
        </test-method> <!-- Give_the_Voucher_code_and_submit -->
        <test-method signature="Validate_error_and_Close_the_voucher_pop_up()[pri:17, instance:TestMethod.PizzaHutTest@2f4948e4]" started-at="2023-12-23T13:25:39 IST" name="Validate_error_and_Close_the_voucher_pop_up" finished-at="2023-12-23T13:25:40 IST" duration-ms="976" status="PASS">
          <reporter-output>
          </reporter-output>
        </test-method> <!-- Validate_error_and_Close_the_voucher_pop_up -->
        <test-method is-config="true" signature="afterClass()[pri:0, instance:TestMethod.PizzaHutTest@2f4948e4]" started-at="2023-12-23T13:25:40 IST" name="afterClass" finished-at="2023-12-23T13:25:40 IST" duration-ms="1" status="PASS">
          <reporter-output>
          </reporter-output>
        </test-method> <!-- afterClass -->
        <test-method is-config="true" signature="afterSuite()[pri:0, instance:TestMethod.PizzaHutTest@2f4948e4]" started-at="2023-12-23T13:25:40 IST" name="afterSuite" finished-at="2023-12-23T13:25:40 IST" duration-ms="0" status="PASS">
          <reporter-output>
          </reporter-output>
        </test-method> <!-- afterSuite -->
      </class> <!-- TestMethod.PizzaHutTest -->
    </test> <!-- Test -->
  </suite> <!-- Suite -->
</testng-results>
